Start testing: May 22 03:56 GMT Summer Time
----------------------------------------------------------
1/1 Testing: HelloTest.BasicAssertions
1/1 Test: HelloTest.BasicAssertions
Command: "C:/Users/admin/Desktop/my_google_test_project/my_project/build/Debug/hello_test.exe" "--gtest_filter=HelloTest.BasicAssertions" "--gtest_also_run_disabled_tests"
Directory: C:/Users/admin/Desktop/my_google_test_project/my_project/build
"HelloTest.BasicAssertions" start time: May 22 03:56 GMT Summer Time
Output:
----------------------------------------------------------
Running main() from C:\Users\admin\Desktop\my_google_test_project\my_project\build\_deps\googletest-src\googletest\src\gtest_main.cc
Note: Google Test filter = HelloTest.BasicAssertions
[==========] Running 1 test from 1 test suite.
[----------] Global test environment set-up.
[----------] 1 test from HelloTest
[ RUN      ] HelloTest.BasicAssertions
[       OK ] HelloTest.BasicAssertions (0 ms)
[----------] 1 test from HelloTest (0 ms total)

[----------] Global test environment tear-down
[==========] 1 test from 1 test suite ran. (1 ms total)
[  PASSED  ] 1 test.
<end of output>
Test time =   0.12 sec
----------------------------------------------------------
Test Passed.
"HelloTest.BasicAssertions" end time: May 22 03:56 GMT Summer Time
"HelloTest.BasicAssertions" time elapsed: 00:00:00
----------------------------------------------------------

End testing: May 22 03:56 GMT Summer Time
