Start testing: May 21 03:25 GMT Summer Time
----------------------------------------------------------
1/9 Testing: Runs
1/9 Test: Runs
Command: "C:/Users/admin/Desktop/cpp-Basics/cmake_tutorial/Step9_build/Debug/Tutorial.exe" "25"
Directory: C:/Users/admin/Desktop/cpp-Basics/cmake_tutorial/Step9_build
"Runs" start time: May 21 03:25 GMT Summer Time
Output:
----------------------------------------------------------
Computing sqrt of 25 to be 13
Computing sqrt of 25 to be 7.46154
Computing sqrt of 25 to be 5.40603
Computing sqrt of 25 to be 5.01525
Computing sqrt of 25 to be 5.00002
Computing sqrt of 25 to be 5
Computing sqrt of 25 to be 5
Computing sqrt of 25 to be 5
Computing sqrt of 25 to be 5
Computing sqrt of 25 to be 5
The square root of 25 is 5
<end of output>
Test time =   0.03 sec
----------------------------------------------------------
Test Passed.
"Runs" end time: May 21 03:25 GMT Summer Time
"Runs" time elapsed: 00:00:00
----------------------------------------------------------

2/9 Testing: Usage
2/9 Test: Usage
Command: "C:/Users/admin/Desktop/cpp-Basics/cmake_tutorial/Step9_build/Debug/Tutorial.exe"
Directory: C:/Users/admin/Desktop/cpp-Basics/cmake_tutorial/Step9_build
"Usage" start time: May 21 03:25 GMT Summer Time
Output:
----------------------------------------------------------
C:/Users/admin/Desktop/cpp-Basics/cmake_tutorial/Step9_build/Debug/Tutorial.exe Version 1.0
Usage: C:/Users/admin/Desktop/cpp-Basics/cmake_tutorial/Step9_build/Debug/Tutorial.exe number
<end of output>
Test time =   0.01 sec
----------------------------------------------------------
Test Pass Reason:
Required regular expression found. Regex=[Usage:.*number]
"Usage" end time: May 21 03:25 GMT Summer Time
"Usage" time elapsed: 00:00:00
----------------------------------------------------------

3/9 Testing: Comp4
3/9 Test: Comp4
Command: "C:/Users/admin/Desktop/cpp-Basics/cmake_tutorial/Step9_build/Debug/Tutorial.exe" "4"
Directory: C:/Users/admin/Desktop/cpp-Basics/cmake_tutorial/Step9_build
"Comp4" start time: May 21 03:25 GMT Summer Time
Output:
----------------------------------------------------------
Use the table to help find an initial value 
Computing sqrt of 4 to be 2
Computing sqrt of 4 to be 2
Computing sqrt of 4 to be 2
Computing sqrt of 4 to be 2
Computing sqrt of 4 to be 2
Computing sqrt of 4 to be 2
Computing sqrt of 4 to be 2
Computing sqrt of 4 to be 2
Computing sqrt of 4 to be 2
Computing sqrt of 4 to be 2
The square root of 4 is 2
<end of output>
Test time =   0.01 sec
----------------------------------------------------------
Test Pass Reason:
Required regular expression found. Regex=[4 is 2]
"Comp4" end time: May 21 03:25 GMT Summer Time
"Comp4" time elapsed: 00:00:00
----------------------------------------------------------

4/9 Testing: Comp9
4/9 Test: Comp9
Command: "C:/Users/admin/Desktop/cpp-Basics/cmake_tutorial/Step9_build/Debug/Tutorial.exe" "9"
Directory: C:/Users/admin/Desktop/cpp-Basics/cmake_tutorial/Step9_build
"Comp9" start time: May 21 03:25 GMT Summer Time
Output:
----------------------------------------------------------
Use the table to help find an initial value 
Computing sqrt of 9 to be 3
Computing sqrt of 9 to be 3
Computing sqrt of 9 to be 3
Computing sqrt of 9 to be 3
Computing sqrt of 9 to be 3
Computing sqrt of 9 to be 3
Computing sqrt of 9 to be 3
Computing sqrt of 9 to be 3
Computing sqrt of 9 to be 3
Computing sqrt of 9 to be 3
The square root of 9 is 3
<end of output>
Test time =   0.01 sec
----------------------------------------------------------
Test Pass Reason:
Required regular expression found. Regex=[9 is 3]
"Comp9" end time: May 21 03:25 GMT Summer Time
"Comp9" time elapsed: 00:00:00
----------------------------------------------------------

5/9 Testing: Comp5
5/9 Test: Comp5
Command: "C:/Users/admin/Desktop/cpp-Basics/cmake_tutorial/Step9_build/Debug/Tutorial.exe" "5"
Directory: C:/Users/admin/Desktop/cpp-Basics/cmake_tutorial/Step9_build
"Comp5" start time: May 21 03:25 GMT Summer Time
Output:
----------------------------------------------------------
Use the table to help find an initial value 
Computing sqrt of 5 to be 2.23607
Computing sqrt of 5 to be 2.23607
Computing sqrt of 5 to be 2.23607
Computing sqrt of 5 to be 2.23607
Computing sqrt of 5 to be 2.23607
Computing sqrt of 5 to be 2.23607
Computing sqrt of 5 to be 2.23607
Computing sqrt of 5 to be 2.23607
Computing sqrt of 5 to be 2.23607
Computing sqrt of 5 to be 2.23607
The square root of 5 is 2.23607
<end of output>
Test time =   0.01 sec
----------------------------------------------------------
Test Pass Reason:
Required regular expression found. Regex=[5 is 2.236]
"Comp5" end time: May 21 03:25 GMT Summer Time
"Comp5" time elapsed: 00:00:00
----------------------------------------------------------

6/9 Testing: Comp7
6/9 Test: Comp7
Command: "C:/Users/admin/Desktop/cpp-Basics/cmake_tutorial/Step9_build/Debug/Tutorial.exe" "7"
Directory: C:/Users/admin/Desktop/cpp-Basics/cmake_tutorial/Step9_build
"Comp7" start time: May 21 03:25 GMT Summer Time
Output:
----------------------------------------------------------
Use the table to help find an initial value 
Computing sqrt of 7 to be 2.64575
Computing sqrt of 7 to be 2.64575
Computing sqrt of 7 to be 2.64575
Computing sqrt of 7 to be 2.64575
Computing sqrt of 7 to be 2.64575
Computing sqrt of 7 to be 2.64575
Computing sqrt of 7 to be 2.64575
Computing sqrt of 7 to be 2.64575
Computing sqrt of 7 to be 2.64575
Computing sqrt of 7 to be 2.64575
The square root of 7 is 2.64575
<end of output>
Test time =   0.01 sec
----------------------------------------------------------
Test Pass Reason:
Required regular expression found. Regex=[7 is 2.645]
"Comp7" end time: May 21 03:25 GMT Summer Time
"Comp7" time elapsed: 00:00:00
----------------------------------------------------------

7/9 Testing: Comp25
7/9 Test: Comp25
Command: "C:/Users/admin/Desktop/cpp-Basics/cmake_tutorial/Step9_build/Debug/Tutorial.exe" "25"
Directory: C:/Users/admin/Desktop/cpp-Basics/cmake_tutorial/Step9_build
"Comp25" start time: May 21 03:25 GMT Summer Time
Output:
----------------------------------------------------------
Computing sqrt of 25 to be 13
Computing sqrt of 25 to be 7.46154
Computing sqrt of 25 to be 5.40603
Computing sqrt of 25 to be 5.01525
Computing sqrt of 25 to be 5.00002
Computing sqrt of 25 to be 5
Computing sqrt of 25 to be 5
Computing sqrt of 25 to be 5
Computing sqrt of 25 to be 5
Computing sqrt of 25 to be 5
The square root of 25 is 5
<end of output>
Test time =   0.01 sec
----------------------------------------------------------
Test Pass Reason:
Required regular expression found. Regex=[25 is 5]
"Comp25" end time: May 21 03:25 GMT Summer Time
"Comp25" time elapsed: 00:00:00
----------------------------------------------------------

8/9 Testing: Comp-25
8/9 Test: Comp-25
Command: "C:/Users/admin/Desktop/cpp-Basics/cmake_tutorial/Step9_build/Debug/Tutorial.exe" "-25"
Directory: C:/Users/admin/Desktop/cpp-Basics/cmake_tutorial/Step9_build
"Comp-25" start time: May 21 03:25 GMT Summer Time
Output:
----------------------------------------------------------
The square root of -25 is 0
<end of output>
Test time =   0.01 sec
----------------------------------------------------------
Test Pass Reason:
Required regular expression found. Regex=[-25 is (-nan|nan|0)]
"Comp-25" end time: May 21 03:25 GMT Summer Time
"Comp-25" time elapsed: 00:00:00
----------------------------------------------------------

9/9 Testing: Comp0.0001
9/9 Test: Comp0.0001
Command: "C:/Users/admin/Desktop/cpp-Basics/cmake_tutorial/Step9_build/Debug/Tutorial.exe" "0.0001"
Directory: C:/Users/admin/Desktop/cpp-Basics/cmake_tutorial/Step9_build
"Comp0.0001" start time: May 21 03:25 GMT Summer Time
Output:
----------------------------------------------------------
Computing sqrt of 0.0001 to be 0.50005
Computing sqrt of 0.0001 to be 0.250125
Computing sqrt of 0.0001 to be 0.125262
Computing sqrt of 0.0001 to be 0.0630304
Computing sqrt of 0.0001 to be 0.0323084
Computing sqrt of 0.0001 to be 0.0177018
Computing sqrt of 0.0001 to be 0.0116755
Computing sqrt of 0.0001 to be 0.0101202
Computing sqrt of 0.0001 to be 0.0100007
Computing sqrt of 0.0001 to be 0.01
The square root of 0.0001 is 0.01
<end of output>
Test time =   0.01 sec
----------------------------------------------------------
Test Pass Reason:
Required regular expression found. Regex=[0.0001 is 0.01]
"Comp0.0001" end time: May 21 03:25 GMT Summer Time
"Comp0.0001" time elapsed: 00:00:00
----------------------------------------------------------

End testing: May 21 03:25 GMT Summer Time
